<?xml version="1.0" encoding="UTF-8"?>
<!-- Generated by org.testng.reporters.JUnitXMLReporter -->
<testsuite ignored="0" hostname="DESKTOP-4L6S52T" failures="0" tests="3" name="Chrome-1920x1080" time="138.299" errors="0" timestamp="2025-02-04T21:23:38 IST">
  <testcase classname="com.example.TwistedMountainAnimation.Tests.HomePageTitleTest" name="testHomePageTitle" time="17.412"/>
  <testcase classname="com.example.TwistedMountainAnimation.Tests.ProductSearchTest" name="verifyProductSearchAndDetails" time="21.815"/>
  <testcase classname="com.example.TwistedMountainAnimation.Tests.FooterLinkStatusTest" name="verifyFooterLinksStatus" time="43.107"/>
</testsuite> <!-- Chrome-1920x1080 -->
