<?xml version="1.0" encoding="UTF-8"?>
<!-- Generated by org.testng.reporters.JUnitXMLReporter -->
<testsuite ignored="0" hostname="DESKTOP-4L6S52T" failures="0" tests="2" name="Edge_Windows_1600x900" time="21.729" errors="0" timestamp="2025-02-04T20:00:15 IST">
  <testcase classname="com.example.TwistedMountainAnimation.Tests.ProductSearchTest" name="verifyProductSearchAndDetails" time="0.0">
    <skipped/>
  </testcase> <!-- verifyProductSearchAndDetails -->
  <testcase classname="com.example.TwistedMountainAnimation.Tests.FooterLinkStatusTest" name="verifyFooterLinksStatus" time="0.0">
    <skipped/>
  </testcase> <!-- verifyFooterLinksStatus -->
</testsuite> <!-- Edge_Windows_1600x900 -->
