<?xml version="1.0" encoding="UTF-8"?>
<!-- Generated by org.testng.reporters.JUnitXMLReporter -->
<testsuite ignored="0" hostname="DESKTOP-4L6S52T" failures="0" tests="3" name="Firefox-1920x1080" time="136.876" errors="0" timestamp="2025-02-04T23:45:07 IST">
  <testcase classname="com.example.TwistedMountainAnimation.Tests.HomePageTitleTest" name="testHomePageTitle" time="0.396"/>
  <testcase classname="com.example.TwistedMountainAnimation.Tests.ProductSearchTest" name="verifyProductSearchAndDetails" time="14.02"/>
  <testcase classname="com.example.TwistedMountainAnimation.Tests.FooterLinkStatusTest" name="verifyFooterLinksStatus" time="35.944"/>
</testsuite> <!-- Firefox-1920x1080 -->
