<?xml version="1.0" encoding="UTF-8"?>
<testng-results ignored="0" total="6" passed="6" failed="0" skipped="0">
  <reporter-output>
  </reporter-output>
  <suite started-at="2025-02-04T21:21:20 IST" name="BrowserStackTestSuite" finished-at="2025-02-04T21:23:38 IST" duration-ms="138299">
    <groups>
    </groups>
    <test started-at="2025-02-04T21:21:20 IST" name="Firefox-1920x1080" finished-at="2025-02-04T21:23:24 IST" duration-ms="124371">
      <class name="com.example.TwistedMountainAnimation.Tests.FooterLinkStatusTest">
        <test-method is-config="true" signature="initializeDriver(java.lang.String,java.lang.String,java.lang.String)[pri:0, instance:com.example.TwistedMountainAnimation.Tests.FooterLinkStatusTest@6f204a1a]" started-at="2025-02-04T21:22:24 IST" name="initializeDriver" finished-at="2025-02-04T21:22:44 IST" duration-ms="19299" status="PASS">
          <params>
            <param index="0">
              <value>
                <![CDATA[firefox]]>
              </value>
            </param>
            <param index="1">
              <value>
                <![CDATA[Windows]]>
              </value>
            </param>
            <param index="2">
              <value>
                <![CDATA[1366x768]]>
              </value>
            </param>
          </params>
          <reporter-output>
          </reporter-output>
        </test-method> <!-- initializeDriver -->
        <test-method signature="verifyFooterLinksStatus()[pri:0, instance:com.example.TwistedMountainAnimation.Tests.FooterLinkStatusTest@6f204a1a]" started-at="2025-02-04T21:22:44 IST" name="verifyFooterLinksStatus" finished-at="2025-02-04T21:23:22 IST" duration-ms="38450" status="PASS">
          <reporter-output>
          </reporter-output>
        </test-method> <!-- verifyFooterLinksStatus -->
        <test-method is-config="true" signature="tearDown()[pri:0, instance:com.example.TwistedMountainAnimation.Tests.FooterLinkStatusTest@6f204a1a]" started-at="2025-02-04T21:23:22 IST" name="tearDown" finished-at="2025-02-04T21:23:24 IST" duration-ms="1946" status="PASS">
          <reporter-output>
          </reporter-output>
        </test-method> <!-- tearDown -->
      </class> <!-- com.example.TwistedMountainAnimation.Tests.FooterLinkStatusTest -->
      <class name="com.example.TwistedMountainAnimation.Tests.HomePageTitleTest">
        <test-method is-config="true" signature="initializeDriver(java.lang.String,java.lang.String,java.lang.String)[pri:0, instance:com.example.TwistedMountainAnimation.Tests.HomePageTitleTest@239a307b]" started-at="2025-02-04T21:21:20 IST" name="initializeDriver" finished-at="2025-02-04T21:21:43 IST" duration-ms="23010" status="PASS">
          <params>
            <param index="0">
              <value>
                <![CDATA[firefox]]>
              </value>
            </param>
            <param index="1">
              <value>
                <![CDATA[Windows]]>
              </value>
            </param>
            <param index="2">
              <value>
                <![CDATA[1366x768]]>
              </value>
            </param>
          </params>
          <reporter-output>
          </reporter-output>
        </test-method> <!-- initializeDriver -->
        <test-method signature="testHomePageTitle()[pri:0, instance:com.example.TwistedMountainAnimation.Tests.HomePageTitleTest@239a307b]" started-at="2025-02-04T21:21:43 IST" name="testHomePageTitle" finished-at="2025-02-04T21:21:43 IST" duration-ms="518" status="PASS">
          <reporter-output>
          </reporter-output>
        </test-method> <!-- testHomePageTitle -->
        <test-method is-config="true" signature="tearDown()[pri:0, instance:com.example.TwistedMountainAnimation.Tests.HomePageTitleTest@239a307b]" started-at="2025-02-04T21:21:43 IST" name="tearDown" finished-at="2025-02-04T21:21:45 IST" duration-ms="1677" status="PASS">
          <reporter-output>
          </reporter-output>
        </test-method> <!-- tearDown -->
      </class> <!-- com.example.TwistedMountainAnimation.Tests.HomePageTitleTest -->
      <class name="com.example.TwistedMountainAnimation.Tests.ProductSearchTest">
        <test-method is-config="true" signature="initializeDriver(java.lang.String,java.lang.String,java.lang.String)[pri:0, instance:com.example.TwistedMountainAnimation.Tests.ProductSearchTest@2a8448fa]" started-at="2025-02-04T21:21:45 IST" name="initializeDriver" finished-at="2025-02-04T21:22:05 IST" duration-ms="20226" status="PASS">
          <params>
            <param index="0">
              <value>
                <![CDATA[firefox]]>
              </value>
            </param>
            <param index="1">
              <value>
                <![CDATA[Windows]]>
              </value>
            </param>
            <param index="2">
              <value>
                <![CDATA[1366x768]]>
              </value>
            </param>
          </params>
          <reporter-output>
          </reporter-output>
        </test-method> <!-- initializeDriver -->
        <test-method signature="verifyProductSearchAndDetails()[pri:0, instance:com.example.TwistedMountainAnimation.Tests.ProductSearchTest@2a8448fa]" started-at="2025-02-04T21:22:05 IST" name="verifyProductSearchAndDetails" finished-at="2025-02-04T21:22:23 IST" duration-ms="17605" status="PASS">
          <reporter-output>
          </reporter-output>
        </test-method> <!-- verifyProductSearchAndDetails -->
        <test-method is-config="true" signature="tearDown()[pri:0, instance:com.example.TwistedMountainAnimation.Tests.ProductSearchTest@2a8448fa]" started-at="2025-02-04T21:22:23 IST" name="tearDown" finished-at="2025-02-04T21:22:24 IST" duration-ms="1534" status="PASS">
          <reporter-output>
          </reporter-output>
        </test-method> <!-- tearDown -->
      </class> <!-- com.example.TwistedMountainAnimation.Tests.ProductSearchTest -->
    </test> <!-- Firefox-1920x1080 -->
    <test started-at="2025-02-04T21:21:20 IST" name="Chrome-1920x1080" finished-at="2025-02-04T21:23:38 IST" duration-ms="138299">
      <class name="com.example.TwistedMountainAnimation.Tests.FooterLinkStatusTest">
        <test-method is-config="true" signature="initializeDriver(java.lang.String,java.lang.String,java.lang.String)[pri:0, instance:com.example.TwistedMountainAnimation.Tests.FooterLinkStatusTest@183ec003]" started-at="2025-02-04T21:22:37 IST" name="initializeDriver" finished-at="2025-02-04T21:22:53 IST" duration-ms="16589" status="PASS">
          <params>
            <param index="0">
              <value>
                <![CDATA[chrome]]>
              </value>
            </param>
            <param index="1">
              <value>
                <![CDATA[Windows]]>
              </value>
            </param>
            <param index="2">
              <value>
                <![CDATA[1920x1080]]>
              </value>
            </param>
          </params>
          <reporter-output>
          </reporter-output>
        </test-method> <!-- initializeDriver -->
        <test-method signature="verifyFooterLinksStatus()[pri:0, instance:com.example.TwistedMountainAnimation.Tests.FooterLinkStatusTest@183ec003]" started-at="2025-02-04T21:22:53 IST" name="verifyFooterLinksStatus" finished-at="2025-02-04T21:23:36 IST" duration-ms="43107" status="PASS">
          <reporter-output>
          </reporter-output>
        </test-method> <!-- verifyFooterLinksStatus -->
        <test-method is-config="true" signature="tearDown()[pri:0, instance:com.example.TwistedMountainAnimation.Tests.FooterLinkStatusTest@183ec003]" started-at="2025-02-04T21:23:36 IST" name="tearDown" finished-at="2025-02-04T21:23:38 IST" duration-ms="1538" status="PASS">
          <reporter-output>
          </reporter-output>
        </test-method> <!-- tearDown -->
      </class> <!-- com.example.TwistedMountainAnimation.Tests.FooterLinkStatusTest -->
      <class name="com.example.TwistedMountainAnimation.Tests.HomePageTitleTest">
        <test-method is-config="true" signature="initializeDriver(java.lang.String,java.lang.String,java.lang.String)[pri:0, instance:com.example.TwistedMountainAnimation.Tests.HomePageTitleTest@53fb3dab]" started-at="2025-02-04T21:21:20 IST" name="initializeDriver" finished-at="2025-02-04T21:21:37 IST" duration-ms="17747" status="PASS">
          <params>
            <param index="0">
              <value>
                <![CDATA[chrome]]>
              </value>
            </param>
            <param index="1">
              <value>
                <![CDATA[Windows]]>
              </value>
            </param>
            <param index="2">
              <value>
                <![CDATA[1920x1080]]>
              </value>
            </param>
          </params>
          <reporter-output>
          </reporter-output>
        </test-method> <!-- initializeDriver -->
        <test-method signature="testHomePageTitle()[pri:0, instance:com.example.TwistedMountainAnimation.Tests.HomePageTitleTest@53fb3dab]" started-at="2025-02-04T21:21:37 IST" name="testHomePageTitle" finished-at="2025-02-04T21:21:55 IST" duration-ms="17412" status="PASS">
          <reporter-output>
          </reporter-output>
        </test-method> <!-- testHomePageTitle -->
        <test-method is-config="true" signature="tearDown()[pri:0, instance:com.example.TwistedMountainAnimation.Tests.HomePageTitleTest@53fb3dab]" started-at="2025-02-04T21:21:55 IST" name="tearDown" finished-at="2025-02-04T21:21:56 IST" duration-ms="1519" status="PASS">
          <reporter-output>
          </reporter-output>
        </test-method> <!-- tearDown -->
      </class> <!-- com.example.TwistedMountainAnimation.Tests.HomePageTitleTest -->
      <class name="com.example.TwistedMountainAnimation.Tests.ProductSearchTest">
        <test-method is-config="true" signature="initializeDriver(java.lang.String,java.lang.String,java.lang.String)[pri:0, instance:com.example.TwistedMountainAnimation.Tests.ProductSearchTest@7c137fd5]" started-at="2025-02-04T21:21:56 IST" name="initializeDriver" finished-at="2025-02-04T21:22:13 IST" duration-ms="16649" status="PASS">
          <params>
            <param index="0">
              <value>
                <![CDATA[chrome]]>
              </value>
            </param>
            <param index="1">
              <value>
                <![CDATA[Windows]]>
              </value>
            </param>
            <param index="2">
              <value>
                <![CDATA[1920x1080]]>
              </value>
            </param>
          </params>
          <reporter-output>
          </reporter-output>
        </test-method> <!-- initializeDriver -->
        <test-method signature="verifyProductSearchAndDetails()[pri:0, instance:com.example.TwistedMountainAnimation.Tests.ProductSearchTest@7c137fd5]" started-at="2025-02-04T21:22:13 IST" name="verifyProductSearchAndDetails" finished-at="2025-02-04T21:22:35 IST" duration-ms="21815" status="PASS">
          <reporter-output>
          </reporter-output>
        </test-method> <!-- verifyProductSearchAndDetails -->
        <test-method is-config="true" signature="tearDown()[pri:0, instance:com.example.TwistedMountainAnimation.Tests.ProductSearchTest@7c137fd5]" started-at="2025-02-04T21:22:35 IST" name="tearDown" finished-at="2025-02-04T21:22:37 IST" duration-ms="1822" status="PASS">
          <reporter-output>
          </reporter-output>
        </test-method> <!-- tearDown -->
      </class> <!-- com.example.TwistedMountainAnimation.Tests.ProductSearchTest -->
    </test> <!-- Chrome-1920x1080 -->
  </suite> <!-- BrowserStackTestSuite -->
</testng-results>
